# JRE version: Java(TM) SE Runtime Environment (7.0_80-b15) (build 1.7.0_80-b15)
# Java VM: Java HotSpot(TM) 64-Bit Server VM (24.80-b11 mixed mode windows-amd64 compressed oops)
Heap
 PSYoungGen      total 538112K, used 423205K [0x00000007cb400000, 0x00000007ee080000, 0x0000000800000000)
  eden space 512512K, 78% used [0x00000007cb400000,0x00000007e3d36e50,0x00000007ea880000)
  from space 25600K, 80% used [0x00000007ec380000,0x00000007ed7928f8,0x00000007edc80000)
  to   space 27648K, 0% used [0x00000007ea880000,0x00000007ea880000,0x00000007ec380000)
 ParOldGen       total 108032K, used 33956K [0x0000000761c00000, 0x0000000768580000, 0x00000007cb400000)
  object space 108032K, 31% used [0x0000000761c00000,0x0000000763d29010,0x0000000768580000)
 PSPermGen       total 55296K, used 54831K [0x000000075ca00000, 0x0000000760000000, 0x0000000761c00000)
  object space 55296K, 99% used [0x000000075ca00000,0x000000075ff8bf40,0x0000000760000000)
GC Heap History (10 events):
Event: 8.731 GC heap before
{Heap before GC invocations=6 (full 0):
 PSYoungGen      total 88576K, used 88554K [0x00000007cb400000, 0x00000007d6800000, 0x0000000800000000)
  eden space 81920K, 100% used [0x00000007cb400000,0x00000007d0400000,0x00000007d0400000)
  from space 6656K, 99% used [0x00000007d0400000,0x00000007d0a7ab00,0x00000007d0a80000)
  to   space 10240K, 0% used [0x00000007d5e00000,0x00000007d5e00000,0x00000007d6800000)
 ParOldGen       total 108032K, used 3595K [0x0000000761c00000, 0x0000000768580000, 0x00000007cb400000)
  object space 108032K, 3% used [0x0000000761c00000,0x0000000761f82c70,0x0000000768580000)
 PSPermGen       total 23040K, used 22769K [0x000000075ca00000, 0x000000075e080000, 0x0000000761c00000)
  object space 23040K, 98% used [0x000000075ca00000,0x000000075e03c7e0,0x000000075e080000)
Event: 8.747 GC heap after
Heap after GC invocations=6 (full 0):
 PSYoungGen      total 173568K, used 8338K [0x00000007cb400000, 0x00000007d6900000, 0x0000000800000000)
  eden space 163328K, 0% used [0x00000007cb400000,0x00000007cb400000,0x00000007d5380000)
  from space 10240K, 81% used [0x00000007d5e00000,0x00000007d6624a88,0x00000007d6800000)
  to   space 10752K, 0% used [0x00000007d5380000,0x00000007d5380000,0x00000007d5e00000)
 ParOldGen       total 108032K, used 3603K [0x0000000761c00000, 0x0000000768580000, 0x00000007cb400000)
  object space 108032K, 3% used [0x0000000761c00000,0x0000000761f84c70,0x0000000768580000)
 PSPermGen       total 23040K, used 22769K [0x000000075ca00000, 0x000000075e080000, 0x0000000761c00000)
  object space 23040K, 98% used [0x000000075ca00000,0x000000075e03c7e0,0x000000075e080000)
}
Event: 11.402 GC heap before
{Heap before GC invocations=7 (full 0):
 PSYoungGen      total 173568K, used 171666K [0x00000007cb400000, 0x00000007d6900000, 0x0000000800000000)
  eden space 163328K, 100% used [0x00000007cb400000,0x00000007d5380000,0x00000007d5380000)
  from space 10240K, 81% used [0x00000007d5e00000,0x00000007d6624a88,0x00000007d6800000)
  to   space 10752K, 0% used [0x00000007d5380000,0x00000007d5380000,0x00000007d5e00000)
 ParOldGen       total 108032K, used 3603K [0x0000000761c00000, 0x0000000768580000, 0x00000007cb400000)
  object space 108032K, 3% used [0x0000000761c00000,0x0000000761f84c70,0x0000000768580000)
 PSPermGen       total 28672K, used 28556K [0x000000075ca00000, 0x000000075e600000, 0x0000000761c00000)
  object space 28672K, 99% used [0x000000075ca00000,0x000000075e5e3110,0x000000075e600000)
Event: 11.428 GC heap after
Heap after GC invocations=7 (full 0):
 PSYoungGen      total 174080K, used 10745K [0x00000007cb400000, 0x00000007e0e00000, 0x0000000800000000)
  eden space 163328K, 0% used [0x00000007cb400000,0x00000007cb400000,0x00000007d5380000)
  from space 10752K, 99% used [0x00000007d5380000,0x00000007d5dfe520,0x00000007d5e00000)
  to   space 13824K, 0% used [0x00000007e0080000,0x00000007e0080000,0x00000007e0e00000)
 ParOldGen       total 108032K, used 7498K [0x0000000761c00000, 0x0000000768580000, 0x00000007cb400000)
  object space 108032K, 6% used [0x0000000761c00000,0x0000000762352be8,0x0000000768580000)
 PSPermGen       total 28672K, used 28556K [0x000000075ca00000, 0x000000075e600000, 0x0000000761c00000)
  object space 28672K, 99% used [0x000000075ca00000,0x000000075e5e3110,0x000000075e600000)
}
Event: 14.512 GC heap before
{Heap before GC invocations=8 (full 0):
 PSYoungGen      total 174080K, used 174073K [0x00000007cb400000, 0x00000007e0e00000, 0x0000000800000000)
  eden space 163328K, 100% used [0x00000007cb400000,0x00000007d5380000,0x00000007d5380000)
  from space 10752K, 99% used [0x00000007d5380000,0x00000007d5dfe520,0x00000007d5e00000)
  to   space 13824K, 0% used [0x00000007e0080000,0x00000007e0080000,0x00000007e0e00000)
 ParOldGen       total 108032K, used 7498K [0x0000000761c00000, 0x0000000768580000, 0x00000007cb400000)
  object space 108032K, 6% used [0x0000000761c00000,0x0000000762352be8,0x0000000768580000)
 PSPermGen       total 35840K, used 35600K [0x000000075ca00000, 0x000000075ed00000, 0x0000000761c00000)
  object space 35840K, 99% used [0x000000075ca00000,0x000000075ecc4388,0x000000075ed00000)
Event: 14.545 GC heap after
Heap after GC invocations=8 (full 0):
 PSYoungGen      total 335360K, used 13799K [0x00000007cb400000, 0x00000007e1800000, 0x0000000800000000)
  eden space 321536K, 0% used [0x00000007cb400000,0x00000007cb400000,0x00000007dee00000)
  from space 13824K, 99% used [0x00000007e0080000,0x00000007e0df9d98,0x00000007e0e00000)
  to   space 18944K, 0% used [0x00000007dee00000,0x00000007dee00000,0x00000007e0080000)
 ParOldGen       total 108032K, used 14265K [0x0000000761c00000, 0x0000000768580000, 0x00000007cb400000)
  object space 108032K, 13% used [0x0000000761c00000,0x00000007629ee480,0x0000000768580000)
 PSPermGen       total 35840K, used 35600K [0x000000075ca00000, 0x000000075ed00000, 0x0000000761c00000)
  object space 35840K, 99% used [0x000000075ca00000,0x000000075ecc4388,0x000000075ed00000)
}
Event: 18.916 GC heap before
{Heap before GC invocations=9 (full 0):
 PSYoungGen      total 335360K, used 335335K [0x00000007cb400000, 0x00000007e1800000, 0x0000000800000000)
  eden space 321536K, 100% used [0x00000007cb400000,0x00000007dee00000,0x00000007dee00000)
  from space 13824K, 99% used [0x00000007e0080000,0x00000007e0df9d98,0x00000007e0e00000)
  to   space 18944K, 0% used [0x00000007dee00000,0x00000007dee00000,0x00000007e0080000)
 ParOldGen       total 108032K, used 14265K [0x0000000761c00000, 0x0000000768580000, 0x00000007cb400000)
  object space 108032K, 13% used [0x0000000761c00000,0x00000007629ee480,0x0000000768580000)
 PSPermGen       total 41984K, used 41704K [0x000000075ca00000, 0x000000075f300000, 0x0000000761c00000)
  object space 41984K, 99% used [0x000000075ca00000,0x000000075f2ba1c8,0x000000075f300000)
Event: 18.966 GC heap after
Heap after GC invocations=9 (full 0):
 PSYoungGen      total 340480K, used 18917K [0x00000007cb400000, 0x00000007edc80000, 0x0000000800000000)
  eden space 321536K, 0% used [0x00000007cb400000,0x00000007cb400000,0x00000007dee00000)
  from space 18944K, 99% used [0x00000007dee00000,0x00000007e00797d8,0x00000007e0080000)
  to   space 25600K, 0% used [0x00000007ec380000,0x00000007ec380000,0x00000007edc80000)
 ParOldGen       total 108032K, used 24151K [0x0000000761c00000, 0x0000000768580000, 0x00000007cb400000)
  object space 108032K, 22% used [0x0000000761c00000,0x0000000763395d30,0x0000000768580000)
 PSPermGen       total 41984K, used 41704K [0x000000075ca00000, 0x000000075f300000, 0x0000000761c00000)
  object space 41984K, 99% used [0x000000075ca00000,0x000000075f2ba1c8,0x000000075f300000)
}
Event: 22.248 GC heap before
{Heap before GC invocations=10 (full 0):
 PSYoungGen      total 340480K, used 340453K [0x00000007cb400000, 0x00000007edc80000, 0x0000000800000000)
  eden space 321536K, 100% used [0x00000007cb400000,0x00000007dee00000,0x00000007dee00000)
  from space 18944K, 99% used [0x00000007dee00000,0x00000007e00797d8,0x00000007e0080000)
  to   space 25600K, 0% used [0x00000007ec380000,0x00000007ec380000,0x00000007edc80000)
 ParOldGen       total 108032K, used 24151K [0x0000000761c00000, 0x0000000768580000, 0x00000007cb400000)
  object space 108032K, 22% used [0x0000000761c00000,0x0000000763395d30,0x0000000768580000)
 PSPermGen       total 47104K, used 47069K [0x000000075ca00000, 0x000000075f800000, 0x0000000761c00000)
  object space 47104K, 99% used [0x000000075ca00000,0x000000075f7f7498,0x000000075f800000)
Event: 22.340 GC heap after
Heap after GC invocations=10 (full 0):
 PSYoungGen      total 538112K, used 20554K [0x00000007cb400000, 0x00000007ee080000, 0x0000000800000000)
  eden space 512512K, 0% used [0x00000007cb400000,0x00000007cb400000,0x00000007ea880000)
  from space 25600K, 80% used [0x00000007ec380000,0x00000007ed7928f8,0x00000007edc80000)
  to   space 27648K, 0% used [0x00000007ea880000,0x00000007ea880000,0x00000007ec380000)
 ParOldGen       total 108032K, used 33956K [0x0000000761c00000, 0x0000000768580000, 0x00000007cb400000)
  object space 108032K, 31% used [0x0000000761c00000,0x0000000763d29010,0x0000000768580000)
 PSPermGen       total 47104K, used 47069K [0x000000075ca00000, 0x000000075f800000, 0x0000000761c00000)
  object space 47104K, 99% used [0x000000075ca00000,0x000000075f7f7498,0x000000075f800000)
}

